<?xml version="1.0" encoding="UTF-8"?>
<!-- Generated by org.testng.reporters.JUnitReportReporter -->
<testsuite hostname="LAPTOP-SVTJBI9D" failures="0" tests="1" name="Testing.Demo" time="0.016" errors="0" timestamp="04 Apr 2019 04:01:56 GMT" skipped="0">
  <testcase classname="Testing.Demo" name="run" time="0.016"/>
</testsuite> <!-- Testing.Demo -->
